C:\USERS\HEQINGHUI\DESKTOP\CHECKTEMPLATES-E065BE6B65904528C0FD7D0734C7850CF1F22798\CHECKTEMPLATES\CHECKTEMPLATES\GENERATEDFILES\DEBUG\MOC_BLACKFRAME.CPP
C:\USERS\HEQINGHUI\DESKTOP\CHECKTEMPLATES-E065BE6B65904528C0FD7D0734C7850CF1F22798\CHECKTEMPLATES\CHECKTEMPLATES\GENERATEDFILES\DEBUG\MOC_CHECKTEMPLATES.CPP
C:\USERS\HEQINGHUI\DESKTOP\CHECKTEMPLATES-E065BE6B65904528C0FD7D0734C7850CF1F22798\CHECKTEMPLATES\CHECKTEMPLATES\GENERATEDFILES\DEBUG\MOC_COLORFRAME.CPP
C:\USERS\HEQINGHUI\DESKTOP\CHECKTEMPLATES-E065BE6B65904528C0FD7D0734C7850CF1F22798\CHECKTEMPLATES\CHECKTEMPLATES\GENERATEDFILES\DEBUG\MOC_MAINWINDOW.CPP
C:\USERS\HEQINGHUI\DESKTOP\CHECKTEMPLATES-E065BE6B65904528C0FD7D0734C7850CF1F22798\CHECKTEMPLATES\CHECKTEMPLATES\GENERATEDFILES\DEBUG\MOC_MYTREEWIDGET.CPP
C:\USERS\HEQINGHUI\DESKTOP\CHECKTEMPLATES-E065BE6B65904528C0FD7D0734C7850CF1F22798\CHECKTEMPLATES\CHECKTEMPLATES\GENERATEDFILES\DEBUG\MOC_PEAKLEVEL.CPP
C:\USERS\HEQINGHUI\DESKTOP\CHECKTEMPLATES-E065BE6B65904528C0FD7D0734C7850CF1F22798\CHECKTEMPLATES\CHECKTEMPLATES\GENERATEDFILES\DEBUG\MOC_SILENCE.CPP
C:\USERS\HEQINGHUI\DESKTOP\CHECKTEMPLATES-E065BE6B65904528C0FD7D0734C7850CF1F22798\CHECKTEMPLATES\CHECKTEMPLATES\GENERATEDFILES\DEBUG\MOC_STEREOSAMEPHASE.CPP
C:\USERS\HEQINGHUI\DESKTOP\CHECKTEMPLATES-E065BE6B65904528C0FD7D0734C7850CF1F22798\CHECKTEMPLATES\CHECKTEMPLATES\GENERATEDFILES\QRC_MAINWINDOW.CPP
C:\USERS\HEQINGHUI\DESKTOP\CHECKTEMPLATES-E065BE6B65904528C0FD7D0734C7850CF1F22798\CHECKTEMPLATES\CHECKTEMPLATES\GENERATEDFILES\UI_MAINWINDOW.H
C:\USERS\HEQINGHUI\DESKTOP\CHECKTEMPLATES-E065BE6B65904528C0FD7D0734C7850CF1F22798\CHECKTEMPLATES\CHECKTEMPLATES\X64\DEBUG\AUDIO.OBJ
C:\USERS\HEQINGHUI\DESKTOP\CHECKTEMPLATES-E065BE6B65904528C0FD7D0734C7850CF1F22798\CHECKTEMPLATES\CHECKTEMPLATES\X64\DEBUG\BLACKFRAME.OBJ
C:\USERS\HEQINGHUI\DESKTOP\CHECKTEMPLATES-E065BE6B65904528C0FD7D0734C7850CF1F22798\CHECKTEMPLATES\CHECKTEMPLATES\X64\DEBUG\CHECKTEMPLATES.EXE.INTERMEDIATE.MANIFEST
C:\USERS\HEQINGHUI\DESKTOP\CHECKTEMPLATES-E065BE6B65904528C0FD7D0734C7850CF1F22798\CHECKTEMPLATES\CHECKTEMPLATES\X64\DEBUG\CHECKTEMPLATES.OBJ
C:\Users\heqinghui\Desktop\CheckTemplates-e065be6b65904528c0fd7d0734c7850cf1f22798\CheckTemplates\CheckTemplates\x64\Debug\CheckTemplates.write.1.tlog
C:\Users\heqinghui\Desktop\CheckTemplates-e065be6b65904528c0fd7d0734c7850cf1f22798\CheckTemplates\CheckTemplates\x64\Debug\cl.command.1.tlog
C:\Users\heqinghui\Desktop\CheckTemplates-e065be6b65904528c0fd7d0734c7850cf1f22798\CheckTemplates\CheckTemplates\x64\Debug\CL.read.1.tlog
C:\Users\heqinghui\Desktop\CheckTemplates-e065be6b65904528c0fd7d0734c7850cf1f22798\CheckTemplates\CheckTemplates\x64\Debug\CL.write.1.tlog
C:\USERS\HEQINGHUI\DESKTOP\CHECKTEMPLATES-E065BE6B65904528C0FD7D0734C7850CF1F22798\CHECKTEMPLATES\CHECKTEMPLATES\X64\DEBUG\COLORFRAME.OBJ
C:\Users\heqinghui\Desktop\CheckTemplates-e065be6b65904528c0fd7d0734c7850cf1f22798\CheckTemplates\CheckTemplates\x64\Debug\custombuild.command.1.tlog
C:\Users\heqinghui\Desktop\CheckTemplates-e065be6b65904528c0fd7d0734c7850cf1f22798\CheckTemplates\CheckTemplates\x64\Debug\custombuild.read.1.tlog
C:\Users\heqinghui\Desktop\CheckTemplates-e065be6b65904528c0fd7d0734c7850cf1f22798\CheckTemplates\CheckTemplates\x64\Debug\custombuild.write.1.tlog
C:\Users\heqinghui\Desktop\CheckTemplates-e065be6b65904528c0fd7d0734c7850cf1f22798\CheckTemplates\CheckTemplates\x64\Debug\link.command.1.tlog
C:\Users\heqinghui\Desktop\CheckTemplates-e065be6b65904528c0fd7d0734c7850cf1f22798\CheckTemplates\CheckTemplates\x64\Debug\link.read.1.tlog
C:\Users\heqinghui\Desktop\CheckTemplates-e065be6b65904528c0fd7d0734c7850cf1f22798\CheckTemplates\CheckTemplates\x64\Debug\link.write.1.tlog
C:\USERS\HEQINGHUI\DESKTOP\CHECKTEMPLATES-E065BE6B65904528C0FD7D0734C7850CF1F22798\CHECKTEMPLATES\CHECKTEMPLATES\X64\DEBUG\MAIN.OBJ
C:\USERS\HEQINGHUI\DESKTOP\CHECKTEMPLATES-E065BE6B65904528C0FD7D0734C7850CF1F22798\CHECKTEMPLATES\CHECKTEMPLATES\X64\DEBUG\MAINWINDOW.OBJ
C:\USERS\HEQINGHUI\DESKTOP\CHECKTEMPLATES-E065BE6B65904528C0FD7D0734C7850CF1F22798\CHECKTEMPLATES\CHECKTEMPLATES\X64\DEBUG\MOC_BLACKFRAME.OBJ
C:\USERS\HEQINGHUI\DESKTOP\CHECKTEMPLATES-E065BE6B65904528C0FD7D0734C7850CF1F22798\CHECKTEMPLATES\CHECKTEMPLATES\X64\DEBUG\MOC_CHECKTEMPLATES.OBJ
C:\USERS\HEQINGHUI\DESKTOP\CHECKTEMPLATES-E065BE6B65904528C0FD7D0734C7850CF1F22798\CHECKTEMPLATES\CHECKTEMPLATES\X64\DEBUG\MOC_COLORFRAME.OBJ
C:\USERS\HEQINGHUI\DESKTOP\CHECKTEMPLATES-E065BE6B65904528C0FD7D0734C7850CF1F22798\CHECKTEMPLATES\CHECKTEMPLATES\X64\DEBUG\MOC_MAINWINDOW.OBJ
C:\USERS\HEQINGHUI\DESKTOP\CHECKTEMPLATES-E065BE6B65904528C0FD7D0734C7850CF1F22798\CHECKTEMPLATES\CHECKTEMPLATES\X64\DEBUG\MOC_MYTREEWIDGET.OBJ
C:\USERS\HEQINGHUI\DESKTOP\CHECKTEMPLATES-E065BE6B65904528C0FD7D0734C7850CF1F22798\CHECKTEMPLATES\CHECKTEMPLATES\X64\DEBUG\MOC_PEAKLEVEL.OBJ
C:\USERS\HEQINGHUI\DESKTOP\CHECKTEMPLATES-E065BE6B65904528C0FD7D0734C7850CF1F22798\CHECKTEMPLATES\CHECKTEMPLATES\X64\DEBUG\MOC_SILENCE.OBJ
C:\USERS\HEQINGHUI\DESKTOP\CHECKTEMPLATES-E065BE6B65904528C0FD7D0734C7850CF1F22798\CHECKTEMPLATES\CHECKTEMPLATES\X64\DEBUG\MOC_STEREOSAMEPHASE.OBJ
C:\Users\heqinghui\Desktop\CheckTemplates-e065be6b65904528c0fd7d0734c7850cf1f22798\CheckTemplates\CheckTemplates\x64\Debug\mt.command.1.tlog
C:\Users\heqinghui\Desktop\CheckTemplates-e065be6b65904528c0fd7d0734c7850cf1f22798\CheckTemplates\CheckTemplates\x64\Debug\mt.read.1.tlog
C:\Users\heqinghui\Desktop\CheckTemplates-e065be6b65904528c0fd7d0734c7850cf1f22798\CheckTemplates\CheckTemplates\x64\Debug\mt.write.1.tlog
C:\USERS\HEQINGHUI\DESKTOP\CHECKTEMPLATES-E065BE6B65904528C0FD7D0734C7850CF1F22798\CHECKTEMPLATES\CHECKTEMPLATES\X64\DEBUG\MYTREEWIDGET.OBJ
C:\USERS\HEQINGHUI\DESKTOP\CHECKTEMPLATES-E065BE6B65904528C0FD7D0734C7850CF1F22798\CHECKTEMPLATES\CHECKTEMPLATES\X64\DEBUG\MYWIDGET.OBJ
C:\USERS\HEQINGHUI\DESKTOP\CHECKTEMPLATES-E065BE6B65904528C0FD7D0734C7850CF1F22798\CHECKTEMPLATES\CHECKTEMPLATES\X64\DEBUG\PEAKLEVEL.OBJ
C:\USERS\HEQINGHUI\DESKTOP\CHECKTEMPLATES-E065BE6B65904528C0FD7D0734C7850CF1F22798\CHECKTEMPLATES\CHECKTEMPLATES\X64\DEBUG\QRC_MAINWINDOW.OBJ
C:\USERS\HEQINGHUI\DESKTOP\CHECKTEMPLATES-E065BE6B65904528C0FD7D0734C7850CF1F22798\CHECKTEMPLATES\CHECKTEMPLATES\X64\DEBUG\SILENCE.OBJ
C:\USERS\HEQINGHUI\DESKTOP\CHECKTEMPLATES-E065BE6B65904528C0FD7D0734C7850CF1F22798\CHECKTEMPLATES\CHECKTEMPLATES\X64\DEBUG\STEREOCORRELATION.OBJ
C:\USERS\HEQINGHUI\DESKTOP\CHECKTEMPLATES-E065BE6B65904528C0FD7D0734C7850CF1F22798\CHECKTEMPLATES\CHECKTEMPLATES\X64\DEBUG\STEREOINVERTPHASE.OBJ
C:\USERS\HEQINGHUI\DESKTOP\CHECKTEMPLATES-E065BE6B65904528C0FD7D0734C7850CF1F22798\CHECKTEMPLATES\CHECKTEMPLATES\X64\DEBUG\STEREOSAMEPHASE.OBJ
C:\USERS\HEQINGHUI\DESKTOP\CHECKTEMPLATES-E065BE6B65904528C0FD7D0734C7850CF1F22798\CHECKTEMPLATES\CHECKTEMPLATES\X64\DEBUG\VC100.PDB
C:\USERS\HEQINGHUI\DESKTOP\CHECKTEMPLATES-E065BE6B65904528C0FD7D0734C7850CF1F22798\CHECKTEMPLATES\CHECKTEMPLATES\X64\DEBUG\VIDEO.OBJ
C:\USERS\HEQINGHUI\DESKTOP\CHECKTEMPLATES-E065BE6B65904528C0FD7D0734C7850CF1F22798\CHECKTEMPLATES\X64\DEBUG\CHECKTEMPLATES.EXE
C:\USERS\HEQINGHUI\DESKTOP\CHECKTEMPLATES-E065BE6B65904528C0FD7D0734C7850CF1F22798\CHECKTEMPLATES\X64\DEBUG\CHECKTEMPLATES.ILK
C:\USERS\HEQINGHUI\DESKTOP\CHECKTEMPLATES-E065BE6B65904528C0FD7D0734C7850CF1F22798\CHECKTEMPLATES\X64\DEBUG\CHECKTEMPLATES.PDB
